2025-08-10 16:51:27,692 - INFO - Using device: cuda
2025-08-10 16:51:31,427 - INFO - Created BIGRU_IMPROVED_V2 model
2025-08-10 16:51:31,567 - INFO - Training on device: cuda
2025-08-10 16:51:31,567 - INFO - Model type: biGRU_Detect_Improved_V2
2025-08-10 16:51:31,567 - INFO - Total parameters: 12,942
2025-08-10 16:51:31,567 - INFO - Trainable parameters: 12,942
2025-08-10 16:51:31,568 - INFO - Training started with learning_rate=0.0005, epochs=100, patience=15
2025-08-10 16:51:31,568 - INFO - Optimizer: adam, Scheduler: plateau, Weight decay: 1e-05
2025-08-10 16:51:31,568 - INFO - ------------------------------ Epoch 1/100 ------------------------------
2025-08-10 16:54:38,062 - INFO - Epoch [1/100], Train Loss: 0.4913, Train Acc: 0.7680, Val Loss: 0.4550, Val Acc: 0.7914, Time: 186.49s, LR: 0.000500
2025-08-10 16:54:38,064 - INFO - New best model saved with val acc: 0.7914
2025-08-10 16:54:38,065 - INFO - ------------------------------ Epoch 2/100 ------------------------------
2025-08-10 16:57:33,465 - INFO - Epoch [2/100], Train Loss: 0.4472, Train Acc: 0.7966, Val Loss: 0.4351, Val Acc: 0.8038, Time: 175.40s, LR: 0.000500
2025-08-10 16:57:33,467 - INFO - New best model saved with val acc: 0.8038
2025-08-10 16:57:33,467 - INFO - ------------------------------ Epoch 3/100 ------------------------------
2025-08-10 17:00:39,664 - INFO - Epoch [3/100], Train Loss: 0.4338, Train Acc: 0.8047, Val Loss: 0.4257, Val Acc: 0.8087, Time: 186.20s, LR: 0.000500
2025-08-10 17:00:39,667 - INFO - New best model saved with val acc: 0.8087
2025-08-10 17:00:39,668 - INFO - ------------------------------ Epoch 4/100 ------------------------------
2025-08-10 17:03:54,890 - INFO - Epoch [4/100], Train Loss: 0.4264, Train Acc: 0.8082, Val Loss: 0.4239, Val Acc: 0.8113, Time: 195.22s, LR: 0.000500
2025-08-10 17:03:54,892 - INFO - New best model saved with val acc: 0.8113
2025-08-10 17:03:54,893 - INFO - ------------------------------ Epoch 5/100 ------------------------------
2025-08-10 17:07:10,286 - INFO - Epoch [5/100], Train Loss: 0.4221, Train Acc: 0.8105, Val Loss: 0.4203, Val Acc: 0.8132, Time: 195.39s, LR: 0.000500
2025-08-10 17:07:10,288 - INFO - New best model saved with val acc: 0.8132
2025-08-10 17:07:10,289 - INFO - ------------------------------ Epoch 6/100 ------------------------------
2025-08-10 17:10:24,637 - INFO - Epoch [6/100], Train Loss: 0.4184, Train Acc: 0.8128, Val Loss: 0.4141, Val Acc: 0.8164, Time: 194.35s, LR: 0.000500
2025-08-10 17:10:24,640 - INFO - New best model saved with val acc: 0.8164
2025-08-10 17:10:24,640 - INFO - ------------------------------ Epoch 7/100 ------------------------------
2025-08-10 17:14:15,653 - INFO - Epoch [7/100], Train Loss: 0.4162, Train Acc: 0.8142, Val Loss: 0.4107, Val Acc: 0.8183, Time: 231.01s, LR: 0.000500
2025-08-10 17:14:15,656 - INFO - New best model saved with val acc: 0.8183
2025-08-10 17:14:15,656 - INFO - ------------------------------ Epoch 8/100 ------------------------------
2025-08-10 17:18:22,657 - INFO - Epoch [8/100], Train Loss: 0.4134, Train Acc: 0.8157, Val Loss: 0.4131, Val Acc: 0.8162, Time: 247.00s, LR: 0.000500
2025-08-10 17:18:22,657 - INFO - ------------------------------ Epoch 9/100 ------------------------------
2025-08-10 17:22:30,702 - INFO - Epoch [9/100], Train Loss: 0.4118, Train Acc: 0.8164, Val Loss: 0.4099, Val Acc: 0.8186, Time: 248.05s, LR: 0.000500
2025-08-10 17:22:30,704 - INFO - New best model saved with val acc: 0.8186
2025-08-10 17:22:30,705 - INFO - ------------------------------ Epoch 10/100 ------------------------------
2025-08-10 17:26:37,673 - INFO - Epoch [10/100], Train Loss: 0.4100, Train Acc: 0.8175, Val Loss: 0.4091, Val Acc: 0.8187, Time: 246.97s, LR: 0.000500
2025-08-10 17:26:37,676 - INFO - New best model saved with val acc: 0.8187
2025-08-10 17:26:37,676 - INFO - ------------------------------ Epoch 11/100 ------------------------------
2025-08-10 17:30:41,650 - INFO - Epoch [11/100], Train Loss: 0.4086, Train Acc: 0.8188, Val Loss: 0.4138, Val Acc: 0.8170, Time: 243.97s, LR: 0.000500
2025-08-10 17:30:41,650 - INFO - ------------------------------ Epoch 12/100 ------------------------------
2025-08-10 17:34:49,286 - INFO - Epoch [12/100], Train Loss: 0.4080, Train Acc: 0.8190, Val Loss: 0.4064, Val Acc: 0.8199, Time: 247.64s, LR: 0.000500
2025-08-10 17:34:49,288 - INFO - New best model saved with val acc: 0.8199
2025-08-10 17:34:49,288 - INFO - ------------------------------ Epoch 13/100 ------------------------------
2025-08-10 17:38:54,629 - INFO - Epoch [13/100], Train Loss: 0.4070, Train Acc: 0.8190, Val Loss: 0.4040, Val Acc: 0.8219, Time: 245.34s, LR: 0.000500
2025-08-10 17:38:54,631 - INFO - New best model saved with val acc: 0.8219
2025-08-10 17:38:54,631 - INFO - ------------------------------ Epoch 14/100 ------------------------------
2025-08-10 17:43:00,860 - INFO - Epoch [14/100], Train Loss: 0.4057, Train Acc: 0.8203, Val Loss: 0.4036, Val Acc: 0.8232, Time: 246.23s, LR: 0.000500
2025-08-10 17:43:00,862 - INFO - New best model saved with val acc: 0.8232
2025-08-10 17:43:00,862 - INFO - ------------------------------ Epoch 15/100 ------------------------------
2025-08-10 17:47:08,100 - INFO - Epoch [15/100], Train Loss: 0.4050, Train Acc: 0.8204, Val Loss: 0.4018, Val Acc: 0.8231, Time: 247.24s, LR: 0.000500
2025-08-10 17:47:08,101 - INFO - ------------------------------ Epoch 16/100 ------------------------------
2025-08-10 17:51:14,537 - INFO - Epoch [16/100], Train Loss: 0.4040, Train Acc: 0.8210, Val Loss: 0.4017, Val Acc: 0.8226, Time: 246.44s, LR: 0.000500
2025-08-10 17:51:14,538 - INFO - ------------------------------ Epoch 17/100 ------------------------------
2025-08-10 17:55:21,127 - INFO - Epoch [17/100], Train Loss: 0.4038, Train Acc: 0.8209, Val Loss: 0.4058, Val Acc: 0.8201, Time: 246.59s, LR: 0.000500
2025-08-10 17:55:21,128 - INFO - ------------------------------ Epoch 18/100 ------------------------------
2025-08-10 17:59:25,426 - INFO - Epoch [18/100], Train Loss: 0.4025, Train Acc: 0.8216, Val Loss: 0.4040, Val Acc: 0.8234, Time: 244.30s, LR: 0.000500
2025-08-10 17:59:25,429 - INFO - New best model saved with val acc: 0.8234
2025-08-10 17:59:25,430 - INFO - ------------------------------ Epoch 19/100 ------------------------------
2025-08-10 18:02:41,165 - INFO - Epoch [19/100], Train Loss: 0.4023, Train Acc: 0.8219, Val Loss: 0.4041, Val Acc: 0.8201, Time: 195.74s, LR: 0.000500
2025-08-10 18:02:41,166 - INFO - ------------------------------ Epoch 20/100 ------------------------------
2025-08-10 18:05:56,381 - INFO - Epoch [20/100], Train Loss: 0.4017, Train Acc: 0.8222, Val Loss: 0.4012, Val Acc: 0.8233, Time: 195.21s, LR: 0.000500
2025-08-10 18:05:56,381 - INFO - ------------------------------ Epoch 21/100 ------------------------------
2025-08-10 18:09:11,411 - INFO - Epoch [21/100], Train Loss: 0.4011, Train Acc: 0.8220, Val Loss: 0.4013, Val Acc: 0.8231, Time: 195.03s, LR: 0.000500
2025-08-10 18:09:11,412 - INFO - ------------------------------ Epoch 22/100 ------------------------------
2025-08-10 18:12:27,383 - INFO - Epoch [22/100], Train Loss: 0.4005, Train Acc: 0.8227, Val Loss: 0.4001, Val Acc: 0.8232, Time: 195.97s, LR: 0.000500
2025-08-10 18:12:27,383 - INFO - ------------------------------ Epoch 23/100 ------------------------------
2025-08-10 18:15:43,604 - INFO - Epoch [23/100], Train Loss: 0.3999, Train Acc: 0.8235, Val Loss: 0.4007, Val Acc: 0.8233, Time: 196.22s, LR: 0.000500
2025-08-10 18:15:43,604 - INFO - ------------------------------ Epoch 24/100 ------------------------------
2025-08-10 18:19:00,272 - INFO - Epoch [24/100], Train Loss: 0.3995, Train Acc: 0.8232, Val Loss: 0.4023, Val Acc: 0.8208, Time: 196.67s, LR: 0.000500
2025-08-10 18:19:00,272 - INFO - ------------------------------ Epoch 25/100 ------------------------------
2025-08-10 18:22:15,999 - INFO - Epoch [25/100], Train Loss: 0.3990, Train Acc: 0.8238, Val Loss: 0.4010, Val Acc: 0.8234, Time: 195.73s, LR: 0.000500
2025-08-10 18:22:16,000 - INFO - ------------------------------ Epoch 26/100 ------------------------------
2025-08-10 18:25:31,739 - INFO - Epoch [26/100], Train Loss: 0.3985, Train Acc: 0.8234, Val Loss: 0.3997, Val Acc: 0.8247, Time: 195.74s, LR: 0.000500
2025-08-10 18:25:31,741 - INFO - New best model saved with val acc: 0.8247
2025-08-10 18:25:31,741 - INFO - ------------------------------ Epoch 27/100 ------------------------------
2025-08-10 18:28:47,474 - INFO - Epoch [27/100], Train Loss: 0.3983, Train Acc: 0.8243, Val Loss: 0.4016, Val Acc: 0.8243, Time: 195.73s, LR: 0.000500
2025-08-10 18:28:47,475 - INFO - ------------------------------ Epoch 28/100 ------------------------------
2025-08-10 18:32:03,438 - INFO - Epoch [28/100], Train Loss: 0.3976, Train Acc: 0.8238, Val Loss: 0.3991, Val Acc: 0.8248, Time: 195.96s, LR: 0.000500
2025-08-10 18:32:03,440 - INFO - New best model saved with val acc: 0.8248
2025-08-10 18:32:03,440 - INFO - ------------------------------ Epoch 29/100 ------------------------------
2025-08-10 18:35:18,755 - INFO - Epoch [29/100], Train Loss: 0.3977, Train Acc: 0.8248, Val Loss: 0.3984, Val Acc: 0.8243, Time: 195.31s, LR: 0.000500
2025-08-10 18:35:18,755 - INFO - ------------------------------ Epoch 30/100 ------------------------------
2025-08-10 18:38:33,999 - INFO - Epoch [30/100], Train Loss: 0.3971, Train Acc: 0.8248, Val Loss: 0.3993, Val Acc: 0.8242, Time: 195.24s, LR: 0.000500
2025-08-10 18:38:33,999 - INFO - ------------------------------ Epoch 31/100 ------------------------------
2025-08-10 18:41:49,247 - INFO - Epoch [31/100], Train Loss: 0.3962, Train Acc: 0.8254, Val Loss: 0.3994, Val Acc: 0.8248, Time: 195.25s, LR: 0.000500
2025-08-10 18:41:49,248 - INFO - ------------------------------ Epoch 32/100 ------------------------------
2025-08-10 18:45:05,031 - INFO - Epoch [32/100], Train Loss: 0.3964, Train Acc: 0.8248, Val Loss: 0.3989, Val Acc: 0.8259, Time: 195.78s, LR: 0.000500
2025-08-10 18:45:05,033 - INFO - New best model saved with val acc: 0.8259
2025-08-10 18:45:05,033 - INFO - ------------------------------ Epoch 33/100 ------------------------------
2025-08-10 18:48:20,966 - INFO - Epoch [33/100], Train Loss: 0.3958, Train Acc: 0.8257, Val Loss: 0.3999, Val Acc: 0.8249, Time: 195.93s, LR: 0.000500
2025-08-10 18:48:20,967 - INFO - ------------------------------ Epoch 34/100 ------------------------------
2025-08-10 18:51:36,636 - INFO - Epoch [34/100], Train Loss: 0.3959, Train Acc: 0.8252, Val Loss: 0.3978, Val Acc: 0.8244, Time: 195.67s, LR: 0.000500
2025-08-10 18:51:36,636 - INFO - ------------------------------ Epoch 35/100 ------------------------------
2025-08-10 18:54:52,077 - INFO - Epoch [35/100], Train Loss: 0.3952, Train Acc: 0.8257, Val Loss: 0.4012, Val Acc: 0.8232, Time: 195.44s, LR: 0.000500
2025-08-10 18:54:52,077 - INFO - ------------------------------ Epoch 36/100 ------------------------------
2025-08-10 18:58:07,565 - INFO - Epoch [36/100], Train Loss: 0.3951, Train Acc: 0.8254, Val Loss: 0.3987, Val Acc: 0.8253, Time: 195.49s, LR: 0.000500
2025-08-10 18:58:07,566 - INFO - ------------------------------ Epoch 37/100 ------------------------------
2025-08-10 19:01:23,083 - INFO - Epoch [37/100], Train Loss: 0.3950, Train Acc: 0.8257, Val Loss: 0.3989, Val Acc: 0.8241, Time: 195.52s, LR: 0.000500
2025-08-10 19:01:23,083 - INFO - ------------------------------ Epoch 38/100 ------------------------------
2025-08-10 19:04:38,109 - INFO - Epoch [38/100], Train Loss: 0.3942, Train Acc: 0.8262, Val Loss: 0.3980, Val Acc: 0.8247, Time: 195.03s, LR: 0.000500
2025-08-10 19:04:38,110 - INFO - ------------------------------ Epoch 39/100 ------------------------------
2025-08-10 19:07:53,033 - INFO - Epoch [39/100], Train Loss: 0.3942, Train Acc: 0.8260, Val Loss: 0.3979, Val Acc: 0.8246, Time: 194.92s, LR: 0.000500
2025-08-10 19:07:53,034 - INFO - ------------------------------ Epoch 40/100 ------------------------------
2025-08-10 19:11:07,951 - INFO - Epoch [40/100], Train Loss: 0.3937, Train Acc: 0.8262, Val Loss: 0.3989, Val Acc: 0.8227, Time: 194.92s, LR: 0.000500
2025-08-10 19:11:07,952 - INFO - ------------------------------ Epoch 41/100 ------------------------------
